<?xml version="1.0" encoding="UTF-8"?>
<robot generator="Robot 7.4.2 (Python 3.9.6 on darwin)" generated="2026-04-14T22:04:48.928113" rpa="false" schemaversion="5">
<suite id="s1" name="Test" source="/Users/mikkosuokas/Devaus/FINAL/ex02/tests/test.robot">
<test id="s1-t1" name="Basic Sort Test" line="6">
<kw name="Assert Sorted Result">
<kw name="Run Process" owner="Process">
<msg time="2026-04-14T22:04:48.952312" level="INFO">Starting process:
../PmergeMe 3 1 2 5 4</msg>
<msg time="2026-04-14T22:04:48.953869" level="INFO">Waiting for process to complete.</msg>
<msg time="2026-04-14T22:04:48.955410" level="INFO">Process completed.</msg>
<msg time="2026-04-14T22:04:48.955572" level="INFO">${result} = &lt;result object with rc 0&gt;</msg>
<var>${result}</var>
<arg>../PmergeMe</arg>
<arg>@{input}</arg>
<doc>Runs a process and waits for it to complete.</doc>
<status status="PASS" start="2026-04-14T22:04:48.952102" elapsed="0.003502"/>
</kw>
<kw name="Should Be Equal As Integers" owner="BuiltIn">
<msg time="2026-04-14T22:04:48.956247" level="INFO">Argument types are:
&lt;class 'int'&gt;
&lt;class 'str'&gt;</msg>
<arg>${result.rc}</arg>
<arg>0</arg>
<doc>Fails if objects are unequal after converting them to integers.</doc>
<status status="PASS" start="2026-04-14T22:04:48.955776" elapsed="0.000507"/>
</kw>
<kw name="Evaluate" owner="BuiltIn">
<msg time="2026-04-14T22:04:48.956749" level="INFO">${after_lines} = ['After: 1 2 3 4 5 ']</msg>
<var>${after_lines}</var>
<arg>[l for l in """${result.stdout}""".splitlines() if l.startswith("After:")]</arg>
<doc>Evaluates the given expression in Python and returns the result.</doc>
<status status="PASS" start="2026-04-14T22:04:48.956346" elapsed="0.000418"/>
</kw>
<kw name="Should Not Be Empty" owner="BuiltIn">
<msg time="2026-04-14T22:04:48.957040" level="INFO">Length is 1.</msg>
<arg>${after_lines}</arg>
<doc>Verifies that the given item is not empty.</doc>
<status status="PASS" start="2026-04-14T22:04:48.956822" elapsed="0.000242"/>
</kw>
<kw name="Replace String" owner="String">
<msg time="2026-04-14T22:04:48.957529" level="INFO">${numbers} =  1 2 3 4 5 </msg>
<var>${numbers}</var>
<arg>${after_lines[0]}</arg>
<arg>After:</arg>
<arg>${EMPTY}</arg>
<doc>Replaces ``search_for`` in the given ``string`` with ``replace_with``.</doc>
<status status="PASS" start="2026-04-14T22:04:48.957120" elapsed="0.000423"/>
</kw>
<kw name="Strip String" owner="String">
<msg time="2026-04-14T22:04:48.957704" level="INFO">${numbers} = 1 2 3 4 5</msg>
<var>${numbers}</var>
<arg>${numbers}</arg>
<doc>Remove leading and/or trailing whitespaces from the given string.</doc>
<status status="PASS" start="2026-04-14T22:04:48.957600" elapsed="0.000117"/>
</kw>
<kw name="Split String" owner="String">
<msg time="2026-04-14T22:04:48.957873" level="INFO">@{actual} = [ 1 | 2 | 3 | 4 | 5 ]</msg>
<var>@{actual}</var>
<arg>${numbers}</arg>
<doc>Splits the ``string`` using ``separator`` as a delimiter string.</doc>
<status status="PASS" start="2026-04-14T22:04:48.957768" elapsed="0.000117"/>
</kw>
<kw name="Evaluate" owner="BuiltIn">
<msg time="2026-04-14T22:04:48.959742" level="INFO">${expected} = [1, 2, 3, 4, 5]</msg>
<var>${expected}</var>
<arg>sorted(map(int, $input))</arg>
<doc>Evaluates the given expression in Python and returns the result.</doc>
<status status="PASS" start="2026-04-14T22:04:48.957936" elapsed="0.001821"/>
</kw>
<kw name="Evaluate" owner="BuiltIn">
<msg time="2026-04-14T22:04:48.960006" level="INFO">${actual} = [1, 2, 3, 4, 5]</msg>
<var>${actual}</var>
<arg>list(map(int, $actual))</arg>
<doc>Evaluates the given expression in Python and returns the result.</doc>
<status status="PASS" start="2026-04-14T22:04:48.959814" elapsed="0.000206"/>
</kw>
<kw name="Should Be Equal" owner="BuiltIn">
<arg>${actual}</arg>
<arg>${expected}</arg>
<doc>Fails if the given objects are unequal.</doc>
<status status="PASS" start="2026-04-14T22:04:48.960081" elapsed="0.000160"/>
</kw>
<arg>3</arg>
<arg>1</arg>
<arg>2</arg>
<arg>5</arg>
<arg>4</arg>
<status status="PASS" start="2026-04-14T22:04:48.951748" elapsed="0.008537"/>
</kw>
<status status="PASS" start="2026-04-14T22:04:48.951412" elapsed="0.008981"/>
</test>
<test id="s1-t2" name="Already Sorted Test" line="9">
<kw name="Assert Sorted Result">
<kw name="Run Process" owner="Process">
<msg time="2026-04-14T22:04:48.961091" level="INFO">Starting process:
../PmergeMe 1 2 3 4 5</msg>
<msg time="2026-04-14T22:04:48.962192" level="INFO">Waiting for process to complete.</msg>
<msg time="2026-04-14T22:04:48.962989" level="INFO">Process completed.</msg>
<msg time="2026-04-14T22:04:48.963145" level="INFO">${result} = &lt;result object with rc 0&gt;</msg>
<var>${result}</var>
<arg>../PmergeMe</arg>
<arg>@{input}</arg>
<doc>Runs a process and waits for it to complete.</doc>
<status status="PASS" start="2026-04-14T22:04:48.960901" elapsed="0.002265"/>
</kw>
<kw name="Should Be Equal As Integers" owner="BuiltIn">
<msg time="2026-04-14T22:04:48.963770" level="INFO">Argument types are:
&lt;class 'int'&gt;
&lt;class 'str'&gt;</msg>
<arg>${result.rc}</arg>
<arg>0</arg>
<doc>Fails if objects are unequal after converting them to integers.</doc>
<status status="PASS" start="2026-04-14T22:04:48.963343" elapsed="0.000459"/>
</kw>
<kw name="Evaluate" owner="BuiltIn">
<msg time="2026-04-14T22:04:48.964189" level="INFO">${after_lines} = ['After: 1 2 3 4 5 ']</msg>
<var>${after_lines}</var>
<arg>[l for l in """${result.stdout}""".splitlines() if l.startswith("After:")]</arg>
<doc>Evaluates the given expression in Python and returns the result.</doc>
<status status="PASS" start="2026-04-14T22:04:48.963863" elapsed="0.000340"/>
</kw>
<kw name="Should Not Be Empty" owner="BuiltIn">
<msg time="2026-04-14T22:04:48.964396" level="INFO">Length is 1.</msg>
<arg>${after_lines}</arg>
<doc>Verifies that the given item is not empty.</doc>
<status status="PASS" start="2026-04-14T22:04:48.964257" elapsed="0.000162"/>
</kw>
<kw name="Replace String" owner="String">
<msg time="2026-04-14T22:04:48.964902" level="INFO">${numbers} =  1 2 3 4 5 </msg>
<var>${numbers}</var>
<arg>${after_lines[0]}</arg>
<arg>After:</arg>
<arg>${EMPTY}</arg>
<doc>Replaces ``search_for`` in the given ``string`` with ``replace_with``.</doc>
<status status="PASS" start="2026-04-14T22:04:48.964469" elapsed="0.000447"/>
</kw>
<kw name="Strip String" owner="String">
<msg time="2026-04-14T22:04:48.965065" level="INFO">${numbers} = 1 2 3 4 5</msg>
<var>${numbers}</var>
<arg>${numbers}</arg>
<doc>Remove leading and/or trailing whitespaces from the given string.</doc>
<status status="PASS" start="2026-04-14T22:04:48.964972" elapsed="0.000106"/>
</kw>
<kw name="Split String" owner="String">
<msg time="2026-04-14T22:04:48.965228" level="INFO">@{actual} = [ 1 | 2 | 3 | 4 | 5 ]</msg>
<var>@{actual}</var>
<arg>${numbers}</arg>
<doc>Splits the ``string`` using ``separator`` as a delimiter string.</doc>
<status status="PASS" start="2026-04-14T22:04:48.965127" elapsed="0.000114"/>
</kw>
<kw name="Evaluate" owner="BuiltIn">
<msg time="2026-04-14T22:04:48.965497" level="INFO">${expected} = [1, 2, 3, 4, 5]</msg>
<var>${expected}</var>
<arg>sorted(map(int, $input))</arg>
<doc>Evaluates the given expression in Python and returns the result.</doc>
<status status="PASS" start="2026-04-14T22:04:48.965290" elapsed="0.000220"/>
</kw>
<kw name="Evaluate" owner="BuiltIn">
<msg time="2026-04-14T22:04:48.965737" level="INFO">${actual} = [1, 2, 3, 4, 5]</msg>
<var>${actual}</var>
<arg>list(map(int, $actual))</arg>
<doc>Evaluates the given expression in Python and returns the result.</doc>
<status status="PASS" start="2026-04-14T22:04:48.965560" elapsed="0.000190"/>
</kw>
<kw name="Should Be Equal" owner="BuiltIn">
<arg>${actual}</arg>
<arg>${expected}</arg>
<doc>Fails if the given objects are unequal.</doc>
<status status="PASS" start="2026-04-14T22:04:48.965802" elapsed="0.000149"/>
</kw>
<arg>1</arg>
<arg>2</arg>
<arg>3</arg>
<arg>4</arg>
<arg>5</arg>
<status status="PASS" start="2026-04-14T22:04:48.960754" elapsed="0.005239"/>
</kw>
<status status="PASS" start="2026-04-14T22:04:48.960511" elapsed="0.005574"/>
</test>
<test id="s1-t3" name="Negative values Test" line="12">
<kw name="Assert Error Result">
<kw name="Run Process" owner="Process">
<msg time="2026-04-14T22:04:48.966754" level="INFO">Starting process:
../PmergeMe -1 2 0 9 100</msg>
<msg time="2026-04-14T22:04:48.967770" level="INFO">Waiting for process to complete.</msg>
<msg time="2026-04-14T22:04:48.968408" level="INFO">Process completed.</msg>
<msg time="2026-04-14T22:04:48.968548" level="INFO">${result} = &lt;result object with rc 1&gt;</msg>
<var>${result}</var>
<arg>../PmergeMe</arg>
<arg>@{input}</arg>
<doc>Runs a process and waits for it to complete.</doc>
<status status="PASS" start="2026-04-14T22:04:48.966568" elapsed="0.002004"/>
</kw>
<kw name="Should Be Equal As Integers" owner="BuiltIn">
<msg time="2026-04-14T22:04:48.969138" level="INFO">Argument types are:
&lt;class 'int'&gt;
&lt;class 'str'&gt;</msg>
<arg>${result.rc}</arg>
<arg>1</arg>
<doc>Fails if objects are unequal after converting them to integers.</doc>
<status status="PASS" start="2026-04-14T22:04:48.968723" elapsed="0.000446"/>
</kw>
<kw name="Should Contain" owner="BuiltIn">
<arg>${result.stderr}</arg>
<arg>Error</arg>
<doc>Fails if ``container`` does not contain ``item`` one or more times.</doc>
<status status="PASS" start="2026-04-14T22:04:48.969222" elapsed="0.000305"/>
</kw>
<arg>-1</arg>
<arg>2</arg>
<arg>0</arg>
<arg>9</arg>
<arg>100</arg>
<status status="PASS" start="2026-04-14T22:04:48.966397" elapsed="0.003178"/>
</kw>
<status status="PASS" start="2026-04-14T22:04:48.966184" elapsed="0.003493"/>
</test>
<status status="PASS" start="2026-04-14T22:04:48.928700" elapsed="0.041235"/>
</suite>
<statistics>
<total>
<stat pass="3" fail="0" skip="0">All Tests</stat>
</total>
<tag>
</tag>
<suite>
<stat name="Test" id="s1" pass="3" fail="0" skip="0">Test</stat>
</suite>
</statistics>
<errors>
</errors>
</robot>
